Cocos2d: 
<dict>
	cocos2d.x.version: 2.2.1
	cocos2d.x.compiled_with_profiler: false
	cocos2d.x.compiled_with_gl_state_cache: true
	gl.vendor: Intel Inc.
	gl.renderer: Intel Iris OpenGL Engine
	gl.version: 2.1 INTEL-8.24.12
	gl.max_texture_size: 16384
	gl.max_texture_units: 16
	gl.supports_PVRTC: false
	gl.supports_NPOT: true
	gl.supports_BGRA8888: false
	gl.supports_discard_framebuffer: false
	gl.supports_vertex_array_object: true
</dict>
Cocos2d: lua_loadChunksFromZIP() - load zip file: /Users/heyao/Desktop/WorkSpace/quick-cocos2d-x-2.2.1-rc/lib/framework_precompiled/framework_precompiled.zip
Cocos2d: lua_loadChunksFromZIP() - loaded chunks count: 54
Cocos2d: ------------------------------------------------
Cocos2d: LOAD LUA FILE: /Users/heyao/Desktop/WorkSpace/git/erlingsiba/scripts/main.lua
Cocos2d: ------------------------------------------------
Cocos2d: [0.0142] [INFO] 
Cocos2d: [0.0142] [INFO] # DEBUG                        = 2
Cocos2d: [0.0142] [INFO] #
Cocos2d: [0.0143] [INFO] # device.platform              = mac
Cocos2d: [0.0143] [INFO] # device.model                 = unknown
Cocos2d: [0.0143] [INFO] # device.language              = cn
Cocos2d: [0.0143] [INFO] # device.writablePath          = /Users/heyao/Desktop/WorkSpace/git/erlingsiba/
Cocos2d: [0.0143] [INFO] # device.cachePath             = /Users/heyao/Desktop/WorkSpace/git/erlingsiba/
Cocos2d: [0.0143] [INFO] # device.directorySeparator    = /
Cocos2d: [0.0145] [INFO] # device.pathSeparator         = :
Cocos2d: [0.0145] [INFO] #
Cocos2d: [0.0159] [INFO] # CONFIG_SCREEN_AUTOSCALE      = FIXED_WIDTH
Cocos2d: [0.0159] [INFO] # CONFIG_SCREEN_WIDTH          = 640.00
Cocos2d: [0.0160] [INFO] # CONFIG_SCREEN_HEIGHT         = 960.00
Cocos2d: [0.0160] [INFO] # display.widthInPixels        = 640.00
Cocos2d: [0.0160] [INFO] # display.heightInPixels       = 960.00
Cocos2d: [0.0160] [INFO] # display.contentScaleFactor   = 1.00
Cocos2d: [0.0160] [INFO] # display.width                = 640.00
Cocos2d: [0.0160] [INFO] # display.height               = 960.00
Cocos2d: [0.0160] [INFO] # display.cx                   = 320.00
Cocos2d: [0.0160] [INFO] # display.cy                   = 480.00
Cocos2d: [0.0160] [INFO] # display.left                 = 0.00
Cocos2d: [0.0160] [INFO] # display.right                = 640.00
Cocos2d: [0.0160] [INFO] # display.top                  = 960.00
Cocos2d: [0.0160] [INFO] # display.bottom               = 0.00
Cocos2d: [0.0160] [INFO] # display.c_left               = -320.00
Cocos2d: [0.0160] [INFO] # display.c_right              = 320.00
Cocos2d: [0.0160] [INFO] # display.c_top                = 480.00
Cocos2d: [0.0160] [INFO] # display.c_bottom             = -480.00
Cocos2d: [0.0161] [INFO] #
Cocos2d: [0.1780] [INFO] Scene "MainScene:onEnter()"
Cocos2d: [10.1953] [INFO] LUA VM MEMORY USED: 1297.97 KB
Cocos2d: [20.2118] [INFO] LUA VM MEMORY USED: 1298.07 KB
Cocos2d: [30.2293] [INFO] LUA VM MEMORY USED: 1298.17 KB
Cocos2d: [40.2462] [INFO] LUA VM MEMORY USED: 1298.27 KB
Cocos2d: [50.2633] [INFO] LUA VM MEMORY USED: 1298.37 KB
Cocos2d: [60.2637] [INFO] LUA VM MEMORY USED: 1298.47 KB
Cocos2d: [70.2703] [INFO] LUA VM MEMORY USED: 1298.57 KB
Cocos2d: [142.6651] [INFO] LUA VM MEMORY USED: 1298.67 KB
